[PREINITIALIZATION][CLIENT][INFO] Current loaders after merging: [[preinit]]
[PREINITIALIZATION][CLIENT][INFO] Loading scripts for loader with names [preinit]
[PREINITIALIZATION][CLIENT][INFO] [preinit | SIDE_CLIENT]: Skipping file {[0:crafttweaker]: recipes.zs} as we are currently loading with a different loader
[PREINITIALIZATION][CLIENT][INFO] Completed script loading in: 2ms
[PREINITIALIZATION][CLIENT][INFO] Current loaders after merging: [[preinit], [contenttweaker]]
[PREINITIALIZATION][CLIENT][INFO] Loading scripts for loader with names [contenttweaker]
[PREINITIALIZATION][CLIENT][INFO] [contenttweaker | SIDE_CLIENT]: Skipping file {[0:crafttweaker]: recipes.zs} as we are currently loading with a different loader
[PREINITIALIZATION][CLIENT][INFO] Completed script loading in: 1ms
[INITIALIZATION][CLIENT][INFO] CraftTweaker: Building registry
[INITIALIZATION][CLIENT][INFO] CraftTweaker: Successfully built item registry
[INITIALIZATION][CLIENT][INFO] Current loaders after merging: [[preinit], [contenttweaker], [recipeevent | crafttweaker]]
[INITIALIZATION][CLIENT][INFO] Loading scripts for loader with names [crafttweaker | recipeevent]
[INITIALIZATION][CLIENT][INFO] [crafttweaker | SIDE_CLIENT]: Loading Script: {[0:crafttweaker]: recipes.zs}
[INITIALIZATION][CLIENT][ERROR] recipes.zs:7 > 2 methods available but none matches the parameters (ZenTypeNative: crafttweaker.item.IIngredient, ZenTypeNative: crafttweaker.item.IIngredient[][])
This is usually an error in your script, not in the mod
addShaped(ZenTypeNative: crafttweaker.item.IItemStack, ZenTypeNative: crafttweaker.item.IIngredient[][], Optional ZenTypeNative: crafttweaker.recipes.IRecipeFunction, Optional ZenTypeNative: crafttweaker.recipes.IRecipeAction)
addShaped(string, ZenTypeNative: crafttweaker.item.IItemStack, ZenTypeNative: crafttweaker.item.IIngredient[][], Optional ZenTypeNative: crafttweaker.recipes.IRecipeFunction, Optional ZenTypeNative: crafttweaker.recipes.IRecipeAction)
[INITIALIZATION][CLIENT][ERROR] recipes.zs:41 > 2 methods available but none matches the parameters (ZenTypeNative: crafttweaker.item.IIngredient, ZenTypeNative: crafttweaker.item.IIngredient[])
This is usually an error in your script, not in the mod
addShapeless(string, ZenTypeNative: crafttweaker.item.IItemStack, ZenTypeNative: crafttweaker.item.IIngredient[], Optional ZenTypeNative: crafttweaker.recipes.IRecipeFunction, Optional ZenTypeNative: crafttweaker.recipes.IRecipeAction)
addShapeless(ZenTypeNative: crafttweaker.item.IItemStack, ZenTypeNative: crafttweaker.item.IIngredient[], Optional ZenTypeNative: crafttweaker.recipes.IRecipeFunction, Optional ZenTypeNative: crafttweaker.recipes.IRecipeAction)
[INITIALIZATION][CLIENT][INFO] Completed script loading in: 340ms
[POSTINITIALIZATION][CLIENT][INFO] Removing recipes for various outputs
[POSTINITIALIZATION][CLIENT][INFO] Adding shaped recipe for Steel Ingot with name ct_shaped-950651157
[POSTINITIALIZATION][CLIENT][INFO] Adding shaped recipe for Steel Ingot with name ct_shaped1392162535
[POSTINITIALIZATION][CLIENT][INFO] Adding shaped recipe for Stone Wand with name ct_shaped-1341583493
[POSTINITIALIZATION][CLIENT][INFO] Adding shaped recipe for Iron Wand with name ct_shaped543049197
[POSTINITIALIZATION][CLIENT][INFO] Adding shaped recipe for Stone Wand with name ct_shaped-1341583492
[POSTINITIALIZATION][CLIENT][INFO] Adding shaped recipe for Diamond Wand with name ct_shaped-1567724681
[POSTINITIALIZATION][CLIENT][INFO] Adding shaped recipe for Platinum Coin with name ct_shaped1220026520
[POSTINITIALIZATION][CLIENT][INFO] Adding shaped recipe for Gold Coin with name ct_shaped50364812
[POSTINITIALIZATION][CLIENT][INFO] Adding shaped recipe for Silver Coin with name ct_shaped1208125881
[POSTINITIALIZATION][CLIENT][INFO] Adding shaped recipe for Platinum Coin with name ct_shaped1877474399
[POSTINITIALIZATION][CLIENT][INFO] Adding shaped recipe for Gold Coin with name ct_shaped1053057527
[POSTINITIALIZATION][CLIENT][INFO] Adding shaped recipe for Silver Coin with name ct_shaped-1210481738
[POSTINITIALIZATION][CLIENT][INFO] Adding shapeless recipe for Bronze Coin with name ct_shapeless2092190613
[POSTINITIALIZATION][CLIENT][INFO] Adding shapeless recipe for Silver Coin with name ct_shapeless724106965
[POSTINITIALIZATION][CLIENT][INFO] Adding shapeless recipe for Gold Coin with name ct_shapeless-1723511378
[POSTINITIALIZATION][CLIENT][INFO] Adding shapeless recipe for Bronze Coin with name ct_shapeless1755811865
[POSTINITIALIZATION][CLIENT][INFO] Adding shapeless recipe for Silver Coin with name ct_shapeless1325288044
[POSTINITIALIZATION][CLIENT][INFO] Adding shapeless recipe for Gold Coin with name ct_shapeless555429073
[POSTINITIALIZATION][CLIENT][INFO] Adding shapeless recipe for Platinum Coin with name ct_shapeless19525882
[POSTINITIALIZATION][CLIENT][INFO] Adding shapeless recipe for Gold Coin with name ct_shapeless186033018
[POSTINITIALIZATION][CLIENT][INFO] Adding shapeless recipe for Silver Coin with name ct_shapeless-717328927
[POSTINITIALIZATION][CLIENT][INFO] Adding shapeless recipe for Gold Coin with name ct_shapeless294585445
[POSTINITIALIZATION][CLIENT][INFO] Adding shapeless recipe for Gold Coin with name ct_shapeless1994629262
[POSTINITIALIZATION][CLIENT][INFO] Adding shapeless recipe for Silver Coin with name ct_shapeless1158883316
[POSTINITIALIZATION][CLIENT][INFO] Adding shapeless recipe for Silver Coin with name ct_shapeless-1073791975
[POSTINITIALIZATION][CLIENT][INFO] Adding shapeless recipe for Bronze Coin with name ct_shapeless-1232892933
[POSTINITIALIZATION][CLIENT][INFO] Adding shapeless recipe for Bronze Coin with name ct_shapeless-1232892932
[POSTINITIALIZATION][CLIENT][INFO] Adding shapeless recipe for Copper Coin with name ct_shapeless-578651956
[POSTINITIALIZATION][CLIENT][INFO] Adding shaped recipe for Bound Leather with name ct_shaped515031123
[POSTINITIALIZATION][CLIENT][INFO] Adding shaped recipe for Oak Chest with name ct_shaped-2093490674
[POSTINITIALIZATION][CLIENT][INFO] Adding shapeless recipe for Stick with name ct_shapeless246756478
[POSTINITIALIZATION][CLIENT][INFO] Adding shapeless recipe for Stick with name ct_shapeless246756479
[POSTINITIALIZATION][CLIENT][INFO] Adding shaped recipe for Stick with name ct_shaped-1365921730
[AVAILABLE][CLIENT][INFO] Fixed the RecipeBook
